Video	Average Accuracy	F1 Score
0291-L	0.6141456582633054	0.6443861484307893
0291-M	0.5816326530612245	0.6064959921956534
0291-R	0.5833333333333334	0.607725869414196
0292-L	0.5553658098148481	0.561887713946233
0292-M	0.5451167356096193	0.5608932986529729
0292-R	0.5393474088291746	0.5578128493690294
0293-L	0.5421218487394958	0.5574856008872481
0293-M	0.5413765711882622	0.5575893801092074
0293-R	0.5431445891912808	0.5606286176363781
0294-L	0.5495357903621237	0.5614462516251776
0294-M	0.556000302091987	0.5644316796063793
0294-R	0.5531526370439328	0.5621541549770346
0295-L	0.5540333843186805	0.5616856916438225
0295-M	0.5594721843637716	0.5651859593532637
0295-R	0.5614168841450898	0.5659390912463618
0296-L	0.5642056726180902	0.5691013290902365
0296-M	0.5668649862986644	0.5706344888492736
0296-R	0.5658520736150757	0.5692816840710037
0297-L	0.5668515228976214	0.5706575275676727
0297-M	0.5746946890088043	0.5782219951029209
0297-R	0.5790358419476379	0.5820907493523048
0298-L	0.5834957764782326	0.5856286261693072
0298-M	0.5854236865094222	0.5868127155029103
0298-R	0.58563555002678	0.5870742003422132
0299-L	0.5879325673642457	0.5893353349153814
0299-M	0.5899196617336152	0.5913958155304592
0299-R	0.5898836858512385	0.5914986149706449
0300-L	0.5913625122408671	0.5930033389918259
0300-M	0.5932147670863605	0.5947873832470492
0300-R	0.5940334051021073	0.5954563099091233
0301-L	0.5913889106736726	0.5926639923435131
0301-M	0.5895512249611303	0.5898587753738895
0301-R	0.5884859845933043	0.5880952801834352
0302-L	0.5853311517393469	0.5849605263675359
0302-M	0.5842248388388112	0.5835372066180253
0302-R	0.5849525043177893	0.5846223958621473
0303-L	0.5809567317105006	0.5809314343051333
0303-M	0.579627099777373	0.5798084186881879
0303-R	0.5806030286974629	0.5807287116064801
0304-L	0.5774141579301721	0.578125001273129
0304-M	0.5762846961740435	0.5766730130237134
0304-R	0.5750269922583906	0.5755210468719433
0305-L	0.5705511916153008	0.5716169828015232
0305-M	0.5699680442198903	0.571064244743469
0305-R	0.5688903399755656	0.5701333533177292
0306-L	0.5681383940098115	0.5688912981328753
0306-M	0.5678615925366935	0.5684066490826645
0306-R	0.5665941913348759	0.5668174034879534
0307-L	0.5638619589844319	0.564319448420558
0307-M	0.5648487951978607	0.5656397332387957
0307-R	0.563950787072314	0.5649703635186573
0308-L	0.5642725665985953	0.5652365681537087
0308-M	0.5648863913117993	0.5660587450965836
0308-R	0.5640884174556845	0.5653040361117156
0309-L	0.5642515923566879	0.5652904873196241
0309-M	0.5655760048538994	0.5666049996968119
0309-R	0.5652778993435449	0.5663323459683016
0310-L	0.5661032888378047	0.5670671368134297
0310-M	0.5670818320399114	0.5681114214714119
0310-R	0.5676258496359935	0.5686066197620856
0311-L	0.5681419379996101	0.5688693640274247
0311-M	0.570972740602506	0.5714145973303206
0311-R	0.571975327907225	0.5723560421858178
0312-L	0.5730237547643622	0.573782239313698
0312-M	0.5742579826126083	0.5752279959443685
0312-R	0.5741477544004838	0.5753891974671982
0313-L	0.5732702681572981	0.5743745327328357
0313-M	0.5754293445672729	0.5766705150535315
0313-R	0.5771035298219551	0.5786425203545895
0314-L	0.5785398147246706	0.5797483846614327
0314-M	0.5796082147563558	0.5806609586342695
0314-R	0.5798362446215081	0.5807002707394777
0315-L	0.5758623399072837	0.5766904341091876
0315-M	0.5759608752899869	0.5774434539753803
0315-R	0.5737684796246795	0.5756126177745046
0316-L	0.5744251795476472	0.5761674703931843
0316-M	0.5766741504974223	0.578636674923521
0316-R	0.5758815937112873	0.5775783417776155
0317-L	0.5756862944549697	0.5777876935563296
0317-M	0.5764252254945931	0.5790037656677879
0317-R	0.5763947552062291	0.5790721150269816
0318-L	0.5762402811544665	0.5789068425096358
0318-M	0.5779588503665832	0.5805684421432674
0318-R	0.5786806175237229	0.5810695751480747
0319-L	0.5794323027408879	0.5817424275276942
0319-M	0.5803633418190234	0.5826189261019111
0319-R	0.580860769421521	0.5830581167090108
0320-L	0.581402700108625	0.5835694013038168
0320-M	0.5823200242850515	0.584486732491594
0320-R	0.5828184071362489	0.5849682146033613
0321-L	0.5819158660991189	0.5841211155783214
0321-M	0.5808172080927403	0.5825356970105922
0321-R	0.5799897956968236	0.5814447987702039
0322-L	0.5818688085676037	0.5834956053767802
0322-M	0.5831278219311911	0.5850799033816668
0322-R	0.5842138785056488	0.5862624905863447
0323-L	0.5844401594035223	0.5866794469711868
0323-M	0.5845817253638822	0.5867547414801233
0323-R	0.5849608203734058	0.5871344452083906
0324-L	0.5851814889654117	0.5870568330421871
0324-M	0.5860554541639421	0.5875222717570265
0324-R	0.5873539671649579	0.5884675564082205
0325-L	0.5872264339865542	0.5883523112425311
0325-M	0.5876222693760792	0.5887827080188002
0325-R	0.5886166610856867	0.5899265307897723
0326-L	0.5887482237437024	0.5900617737994063
0326-M	0.5894964252693635	0.5908721893021941
0326-R	0.5901479086812802	0.5915187510009045
0327-L	0.5900064349774776	0.5914036826461898
0327-M	0.5908485790230589	0.5924209407147469
0327-R	0.5916369910465675	0.5932879107535713
0328-L	0.5917777631838183	0.593449918209998
0328-M	0.5923063891893301	0.5937798693849397
0328-R	0.5931606825514588	0.5945723857034204
0329-L	0.5928811080523055	0.5942921643732721
0329-M	0.5928032496471971	0.5942352619595895
0329-R	0.5929491020526956	0.594354275695962
0330-L	0.5928838391388848	0.5942643545270436
0330-M	0.5932069005204803	0.5946256853544857
0330-R	0.5933689948805678	0.5947619976326453
0331-L	0.5924828236562036	0.5936959456686458
0331-M	0.5917289412078345	0.592636329815634
0331-R	0.5914458537229433	0.5924108098310129
0332-L	0.5903075771397248	0.5910941945126432
0332-M	0.5893875667426356	0.590265816592456
0332-R	0.588515670488084	0.5892445343385838
0333-L	0.5866522673040502	0.587417619396093
0333-M	0.5851632164041325	0.5860516670890457
0333-R	0.5834727528811212	0.584454842765685
0334-L	0.5834156543751061	0.584268162732404
0334-M	0.5826148490991853	0.5833171195695381
0334-R	0.5826448163786033	0.5833183092031954
Total	0.5826448163786033	0.5833183092031954
