FPS
32.0
32.0
32.0
31.2
32.0
32.0
32.0
31.2
32.0
32.0
32.0
32.0
31.2
32.0
32.0
32.0
31.2
32.0
32.0
32.0
32.0
29.6
33.6
32.0
31.2
32.0
32.0
32.0
31.2
32.0
31.2
32.0
32.0
32.0
31.2
32.0
32.0
32.0
32.0
31.2
32.0
32.0
31.2
32.0
32.0
32.0
31.2
32.0
32.0
32.0
32.0
32.0
31.2
32.0
32.0
32.0
32.0
32.0
31.2
32.0
32.0
32.0
32.0
32.0
31.2
32.0
32.0
32.0
32.0
32.0
31.2
32.0
32.0
32.0
31.2
FPS
30.4
29.6
30.4
29.6
30.4
29.6
29.6
29.6
30.4
30.4
29.6
30.4
29.6
30.4
29.6
30.4
29.6
30.4
30.4
31.2
31.2
32.0
32.0
31.2
32.0
31.2
32.0
32.0
31.2
32.0
32.0
31.2
32.0
31.2
32.0
32.0
31.2
32.0
31.2
32.0
31.2
32.0
32.0
31.2
32.0
32.0
31.2
32.0
29.6
30.4
29.6
30.4
29.6
30.4
29.6
30.4
29.6
29.6
30.4
29.6
30.4
30.4
29.6
30.4
29.6
30.4
30.4
30.4
30.4
30.4
28.0
29.6
30.4
FPS
20.8
20.0
20.8
20.0
20.8
20.0
20.8
20.8
20.0
20.8
20.8
20.0
20.8
20.8
20.0
20.8
20.8
20.8
20.8
20.0
20.8
20.0
20.8
20.8
20.0
20.8
20.0
20.8
20.0
20.8
20.8
20.0
20.8
20.0
20.8
20.0
20.8
20.8
20.0
20.8
20.8
20.0
20.8
20.0
20.8
20.8
20.8
20.0
20.8
20.8
20.0
20.8
20.8
20.0
20.8
21.6
21.6
22.4
21.6
22.4
22.4
23.2
21.6
22.4
21.6
22.4
21.6
22.4
22.4
21.6
22.4
23.2
22.4
21.6
20.8
22.4
22.4
21.6
21.6
22.4
21.6
21.6
21.6
21.6
22.4
22.4
21.6
22.4
22.4
21.6
22.4
22.4
21.6
22.4
22.4
21.6
21.6
18.4
19.2
19.2
18.4
19.2
19.2
19.2
19.2
19.2
19.2
19.2
FPS
29.6
30.4
30.4
30.4
30.4
30.4
29.6
30.4
30.4
30.4
30.4
30.4
29.6
30.4
30.4
30.4
30.4
30.4
30.4
29.6
30.4
29.6
30.4
30.4
30.4
30.4
30.4
30.4
30.4
30.4
30.4
29.6
30.4
30.4
30.4
30.4
30.4
30.4
30.4
30.4
30.4
30.4
30.4
30.4
30.4
30.4
30.4
30.4
29.6
30.4
31.2
30.4
30.4
30.4
29.6
30.4
30.4
