FPS
30.6
31.0
31.2
31.2
30.4
31.2
31.2
30.4
31.2
31.2
30.4
31.2
31.2
31.2
31.2
30.4
31.2
31.2
31.2
30.4
31.2
31.2
30.8
30.8
31.2
31.2
31.2
30.4
31.2
31.2
31.2
31.2
31.2
31.2
31.2
31.2
31.2
31.2
31.2
31.2
31.2
31.2
31.2
31.2
31.2
31.2
31.2
31.2
31.2
31.2
31.2
31.2
31.2
31.2
31.2
31.2
31.2
31.2
31.2
31.2
31.2
30.6
31.0
31.2
31.2
31.2
31.2
31.2
30.4
31.2
31.2
30.4
31.2
31.2
29.6
31.2
30.4
FPS
31.2
31.2
31.2
31.2
30.4
31.2
30.4
31.2
31.2
31.2
31.2
30.4
30.4
31.2
31.2
30.4
31.2
31.2
30.4
31.2
30.4
31.2
30.4
30.4
31.2
31.2
30.4
30.4
30.4
31.2
30.4
30.4
30.4
30.4
30.4
31.2
30.4
30.4
31.2
31.2
30.4
29.6
30.4
30.4
31.2
30.4
30.4
30.4
31.2
30.4
29.6
30.4
30.4
30.4
30.4
30.4
30.4
30.4
30.4
30.4
31.2
30.4
30.4
31.2
30.4
30.4
30.4
29.6
30.4
31.2
30.4
29.6
30.4
FPS
30.4
31.2
30.4
31.2
31.2
30.4
31.2
30.4
30.4
30.4
31.2
30.4
31.2
31.2
30.4
31.2
31.2
30.4
31.2
31.2
31.2
30.4
31.2
30.4
31.2
31.2
31.2
30.4
30.6
31.0
31.0
30.6
30.4
30.4
31.2
31.2
30.4
31.2
30.4
31.2
31.2
30.4
31.2
31.0
29.8
31.2
30.4
30.4
30.4
31.2
30.4
30.4
31.2
30.4
30.4
30.4
30.4
29.6
30.4
29.6
30.4
30.4
FPS
30.4
31.2
31.2
30.4
31.2
31.2
31.2
31.2
30.4
31.2
31.2
31.2
30.4
31.2
31.2
31.2
31.2
30.4
31.2
31.2
31.2
31.2
30.4
31.2
31.2
30.4
31.2
31.2
31.2
30.4
30.4
31.2
30.4
30.4
30.4
30.4
30.4
31.2
30.8
30.8
31.2
30.4
30.4
31.2
31.2
30.4
30.4
31.2
30.4
30.4
30.4
31.2
30.4
31.2
30.4
