FPS
31.2
32.0
31.2
32.0
31.2
32.0
31.2
32.0
31.2
32.0
31.2
32.0
31.2
32.0
32.0
31.2
32.0
31.2
32.0
32.0
31.2
32.0
31.2
32.0
32.0
31.2
32.0
32.0
31.2
32.0
32.0
32.0
31.2
32.0
32.0
32.0
31.2
32.0
32.0
31.2
32.0
32.0
32.0
32.0
32.0
31.2
32.0
32.0
32.0
31.2
32.0
32.6
31.4
32.0
32.0
32.0
32.0
31.2
31.6
31.6
32.0
32.0
32.0
31.4
31.8
32.0
31.2
32.0
32.0
32.0
32.0
32.0
31.2
32.0
32.0
32.0
FPS
32.0
32.0
32.0
32.0
32.0
31.2
32.0
32.0
31.8
31.4
32.0
32.0
31.8
31.4
32.0
32.0
32.0
32.0
32.0
32.0
32.0
32.0
32.0
32.0
32.0
32.0
32.0
32.0
32.0
32.0
32.0
32.0
32.0
32.0
32.0
32.0
32.0
32.0
32.8
32.0
32.0
32.0
32.0
32.0
32.0
32.0
32.0
32.0
32.0
32.0
32.0
32.0
31.2
32.6
32.2
31.2
32.0
32.0
32.0
32.0
32.0
32.0
32.0
32.0
32.0
32.0
32.0
32.0
32.0
FPS
32.0
32.0
32.0
32.0
32.0
32.0
32.0
32.0
32.0
32.0
32.0
32.0
32.0
32.0
32.0
32.8
32.0
32.0
32.0
32.0
32.0
32.0
32.0
32.0
32.0
32.0
32.0
32.0
32.0
32.2
32.6
32.0
32.0
32.0
32.0
32.0
32.0
32.0
32.6
32.2
32.0
32.0
32.0
32.0
32.0
32.0
32.0
32.0
32.8
32.0
32.0
32.0
32.0
32.0
32.0
32.8
32.0
31.2
FPS
32.0
32.0
32.0
32.0
32.0
32.0
32.0
31.8
31.4
32.0
32.0
32.0
32.0
32.0
32.0
32.0
32.0
32.0
32.0
32.0
32.0
32.0
32.0
32.0
32.0
32.0
32.0
32.0
32.0
32.0
32.0
32.0
32.0
32.0
31.2
32.0
32.0
32.0
32.0
31.2
32.0
32.0
32.0
32.0
32.0
31.2
32.0
32.0
32.0
32.0
32.0
32.0
